app/build/outputs/mapping/release/configuration.txt
# The proguard configuration file for the following section is default_proguard_files/global/proguard-android-optimize.txt-8.2.2
# This is a configuration file for ProGuard.
# http://proguard.sourceforge.net/index.html#manual/usage.html
#
# Starting with version 2.2 of the Android plugin for Gradle, this file is distributed together with
# the plugin and unpacked at build-time. The files in $ANDROID_HOME are no longer maintained and
# will be ignored by new version of the Android plugin for Gradle.

# Optimizations: If you don't want to optimize, use the proguard-android.txt configuration file
# instead of this one, which turns off the optimization flags.
# Adding optimization introduces certain risks, since for example not all optimizations performed by
# ProGuard works on all versions of Dalvik.  The following flags turn off various optimizations
# known to have issues, but the list may not be complete or up to date. (The "arithmetic"
# optimization can be used if you are only targeting Android 2.0 or later.)  Make sure you test
# thoroughly if you go this route.
-optimizations !code/simplification/arithmetic,!code/simplification/cast,!field/*,!class/merging/*
-optimizationpasses 5
-allowaccessmodification

-dontusemixedcaseclassnames
-dontskipnonpubliclibraryclasses
-verbose

# Preserve some attributes that may be required for reflection.
-keepattributes AnnotationDefault,
                EnclosingMethod,
                InnerClasses,
                RuntimeVisibleAnnotations,
                RuntimeVisibleParameterAnnotations,
                RuntimeVisibleTypeAnnotations,
                Signature

-keep public class com.google.vending.licensing.ILicensingService
-keep public class com.android.vending.licensing.ILicensingService
-keep public class com.google.android.vending.licensing.ILicensingService
-dontnote com.android.vending.licensing.ILicensingService
-dontnote com.google.vending.licensing.ILicensingService
-dontnote com.google.android.vending.licensing.ILicensingService

# For native methods, see http://proguard.sourceforge.net/manual/examples.html#native
-keepclasseswithmembernames,includedescriptorclasses class * {
    native <methods>;
}

# Keep setters in Views so that animations can still work.
-keepclassmembers public class * extends android.view.View {
    void set*(***);
    *** get*();
}

# We want to keep methods in Activity that could be used in the XML attribute onClick.
-keepclassmembers class * extends android.app.Activity {
    public void *(android.view.View);
}

# For enumeration classes, see http://proguard.sourceforge.net/manual/examples.html#enumerations
-keepclassmembers enum * {
    public static **[] values();
    public static ** valueOf(java.lang.String);
}

-keepclassmembers class * implements android.os.Parcelable {
    public static final ** CREATOR;
}

# Preserve annotated Javascript interface methods.
-keepclassmembers class * {
    @android.webkit.JavascriptInterface <methods>;
}

# The support libraries contains references to newer platform versions.
# Don't warn about those in case this app is linking against an older
# platform version. We know about them, and they are safe.
-dontnote android.support.**
-dontnote androidx.**
-dontwarn android.support.**
-dontwarn androidx.**

# This class is deprecated, but remains for backward compatibility.
-dontwarn android.util.FloatMath

# Understand the @Keep support annotation.
-keep class android.support.annotation.Keep
-keep class androidx.annotation.Keep

-keep @android.support.annotation.Keep class * {*;}
-keep @androidx.annotation.Keep class * {*;}

-keepclasseswithmembers class * {
    @android.support.annotation.Keep <methods>;
}

-keepclasseswithmembers class * {
    @androidx.annotation.Keep <methods>;
}

-keepclasseswithmembers class * {
    @android.support.annotation.Keep <fields>;
}

-keepclasseswithmembers class * {
    @androidx.annotation.Keep <fields>;
}

-keepclasseswithmembers class * {
    @android.support.annotation.Keep <init>(...);
}

-keepclasseswithmembers class * {
    @androidx.annotation.Keep <init>(...);
}

# These classes are duplicated between android.jar and org.apache.http.legacy.jar.
-dontnote org.apache.http.**
-dontnote android.net.http.**

# These classes are duplicated between android.jar and core-lambda-stubs.jar.
-dontnote java.lang.invoke.**

# End of content from default_proguard_files/global/proguard-android-optimize.txt-8.2.2
# The proguard configuration file for the following section is ExpenseTrackerApp/app/proguard-rules.pro
# Add project specific ProGuard rules here.
# Room
-keep class * extends androidx.room.RoomDatabase
-keep @androidx.room.Entity class *
-dontwarn androidx.room.paging.**

# End of content from ExpenseTrackerApp/app/proguard-rules.pro
# The proguard configuration file for the following section is aapt_proguard_file/release/aapt_rules.txt
-keep class androidx.core.app.CoreComponentFactory { <init>(); }
-keep class androidx.core.content.FileProvider { <init>(); }
-keep class androidx.profileinstaller.ProfileInstallReceiver { <init>(); }
-keep class androidx.room.MultiInstanceInvalidationService { <init>(); }
-keep class androidx.startup.InitializationProvider { <init>(); }
-keep class androidx.work.impl.background.systemalarm.ConstraintProxy$BatteryChargingProxy { <init>(); }
-keep class androidx.work.impl.background.systemalarm.ConstraintProxy$BatteryNotLowProxy { <init>(); }
-keep class androidx.work.impl.background.systemalarm.ConstraintProxy$NetworkStateProxy { <init>(); }
-keep class androidx.work.impl.background.systemalarm.ConstraintProxy$StorageNotLowProxy { <init>(); }
-keep class androidx.work.impl.background.systemalarm.ConstraintProxyUpdateReceiver { <init>(); }
-keep class androidx.work.impl.background.systemalarm.RescheduleReceiver { <init>(); }
-keep class androidx.work.impl.background.systemalarm.SystemAlarmService { <init>(); }
-keep class androidx.work.impl.background.systemjob.SystemJobService { <init>(); }
-keep class androidx.work.impl.diagnostics.DiagnosticsReceiver { <init>(); }
-keep class androidx.work.impl.foreground.SystemForegroundService { <init>(); }
-keep class androidx.work.impl.utils.ForceStopRunnable$BroadcastReceiver { <init>(); }
-keep class com.expensetracker.app.ExpenseApp { <init>(); }
-keep class com.expensetracker.app.MainActivity { <init>(); }
-keep class com.google.android.gms.ads.AdActivity { <init>(); }
-keep class com.google.android.gms.ads.AdService { <init>(); }
-keep class com.google.android.gms.ads.MobileAdsInitProvider { <init>(); }
-keep class com.google.android.gms.ads.NotificationHandlerActivity { <init>(); }
-keep class com.google.android.gms.ads.OutOfContextTestingActivity { <init>(); }
-keep class com.google.android.gms.auth.api.signin.RevocationBoundService { <init>(); }
-keep class com.google.android.gms.auth.api.signin.internal.SignInHubActivity { <init>(); }
-keep class com.google.android.gms.common.api.GoogleApiActivity { <init>(); }
-keep class android.widget.Space { <init>(android.content.Context, android.util.AttributeSet); }

-keep class androidx.appcompat.app.AlertController$RecycleListView { <init>(android.content.Context, android.util.AttributeSet); }

-keep class androidx.appcompat.view.menu.ActionMenuItemView { <init>(android.content.Context, android.util.AttributeSet); }

-keep class androidx.appcompat.view.menu.ExpandedMenuView { <init>(android.content.Context, android.util.AttributeSet); }

-keep class androidx.appcompat.view.menu.ListMenuItemView { <init>(android.content.Context, android.util.AttributeSet); }

-keep class androidx.appcompat.widget.ActionBarContainer { <init>(android.content.Context, android.util.AttributeSet); }

-keep class androidx.appcompat.widget.ActionBarContextView { <init>(android.content.Context, android.util.AttributeSet); }

-keep class androidx.appcompat.widget.ActionBarOverlayLayout { <init>(android.content.Context, android.util.AttributeSet); }

-keep class androidx.appcompat.widget.ActionMenuView { <init>(android.content.Context, android.util.AttributeSet); }

-keep class androidx.appcompat.widget.ActivityChooserView$InnerLayout { <init>(android.content.Context, android.util.AttributeSet); }

-keep class androidx.appcompat.widget.AlertDialogLayout { <init>(android.content.Context, android.util.AttributeSet); }

-keep class androidx.appcompat.widget.ButtonBarLayout { <init>(android.content.Context, android.util.AttributeSet); }

-keep class androidx.appcompat.widget.ContentFrameLayout { <init>(android.content.Context, android.util.AttributeSet); }

-keep class androidx.appcompat.widget.DialogTitle { <init>(android.content.Context, android.util.AttributeSet); }

-keep class androidx.appcompat.widget.FitWindowsFrameLayout { <init>(android.content.Context, android.util.AttributeSet); }

-keep class androidx.appcompat.widget.FitWindowsLinearLayout { <init>(android.content.Context, android.util.AttributeSet); }

-keep class androidx.appcompat.widget.SearchView$SearchAutoComplete { <init>(android.content.Context, android.util.AttributeSet); }

-keep class androidx.appcompat.widget.Toolbar { <init>(android.content.Context, android.util.AttributeSet); }

-keep class androidx.appcompat.widget.ViewStubCompat { <init>(android.content.Context, android.util.AttributeSet); }

-keep class androidx.browser.browseractions.BrowserActionsFallbackMenuView { <init>(android.content.Context, android.util.AttributeSet); }

-keep class androidx.core.widget.NestedScrollView { <init>(android.content.Context, android.util.AttributeSet); }


# End of content from aapt_proguard_file/release/aapt_rules.txt
# The proguard configuration file for the following section is transformed/appcompat-1.7.0/proguard.txt
# Copyright (C) 2018 The Android Open Source Project
#
# Licensed under the Apache License, Version 2.0 (the "License");
# you may not use this file except in compliance with the License.
# You may obtain a copy of the License at
#
#      http://www.apache.org/licenses/LICENSE-2.0
#
# Unless required by applicable law or agreed to in writing, software
# distributed under the License is distributed on an "AS IS" BASIS,
# WITHOUT WARRANTIES OR CONDITIONS OF ANY KIND, either express or implied.
# See the License for the specific language governing permissions and
# limitations under the License.

# Never inline methods, but allow shrinking and obfuscation.
-keepclassmembernames,allowobfuscation,allowshrinking class androidx.appcompat.widget.AppCompatTextViewAutoSizeHelper$Impl* {
  <methods>;
}

# End of content from transformed/appcompat-1.7.0/proguard.txt
# The proguard configuration file for the following section is transformed/navigation-common-2.7.7/proguard.txt
# Copyright (C) 2019 The Android Open Source Project
#
# Licensed under the Apache License, Version 2.0 (the "License");
# you may not use this file except in compliance with the License.
# You may obtain a copy of the License at
#
#      http://www.apache.org/licenses/LICENSE-2.0
#
# Unless required by applicable law or agreed to in writing, software
# distributed under the License is distributed on an "AS IS" BASIS,
# WITHOUT WARRANTIES OR CONDITIONS OF ANY KIND, either express or implied.
# See the License for the specific language governing permissions and
# limitations under the License.

# NavArgsLazy creates NavArgs instances using reflection
-if public class ** implements androidx.navigation.NavArgs
-keepclassmembers public class <1> {
    ** fromBundle(android.os.Bundle);
}

# Retain the @Navigator.Name annotation on each subclass of Navigator.
# R8 full mode only retains annotations on items matched by a -keep rule,
# hence the extra -keep rule for the subclasses of Navigator.
#
# A -keep rule for the Navigator.Name annotation class is not required
# since the annotation is referenced from the code.
-keepattributes RuntimeVisibleAnnotations
-keep,allowobfuscation,allowshrinking class * extends androidx.navigation.Navigator

# End of content from transformed/navigation-common-2.7.7/proguard.txt
# The proguard configuration file for the following section is transformed/play-services-auth-21.4.0/proguard.txt
# Keep the name of RevocationBoundService for apk side.
-keep public class com.google.android.gms.auth.api.signin.RevocationBoundService
-keepclassmembers class * {
  @com.google.api.client.util.Key <fields>;
}
-keepclassmembers class * extends com.google.api.client.json.GenericJson {
   <init>();
}


# End of content from transformed/play-services-auth-21.4.0/proguard.txt
# The proguard configuration file for the following section is transformed/play-services-ads-22.6.0/proguard.txt
-keep public class com.google.android.gms.ads.internal.ClientApi {
  <init>();
}

# When built for Android API level < 30, Proguard warns that it can't find
# android.telephony.TelephonyDisplayInfo (since it was added only in API level
# 30). But, all its usages are guarded by runtime checks of the API level.
# Hence, it is safe to suppress Proguard's warnings.
-dontwarn android.telephony.TelephonyDisplayInfo

# When built for Android API level < 30, Proguard warns that it can't find
# android.view.Surface#setFrameRate(float, int) (since it was added only in API
# level 30). But, all its usages are guarded by runtime checks of the API level.
# Hence, it is safe to suppress Proguard's warnings.
-dontwarn android.view.Surface

# When built for Android API level < 31, Proguard warns that it can't find
# android.media.ApplicationMediaCapabilities (since it was added only in API
# level 31). But, all its usages are guarded by runtime checks of the API level.
# Hence, it is safe to suppress Proguard's warnings.
-dontwarn android.media.ApplicationMediaCapabilities

# When built for Android API level < 31, Proguard warns that it can't find
# android.media.MediaFeature (since it was added only in API level 31). But,
# all its usages are guarded by runtime checks of the API level.
# Hence, it is safe to suppress Proguard's warnings.
-dontwarn android.media.MediaFeature

# When built for Android API level < 31, Proguard warns that it can't find
# android.media.ApplicationMediaCapabilities$Builder (since it was added only in
# API level 31). But, all its usages are guarded by runtime checks of the API
# level. Hence, it is safe to suppress Proguard's warnings.
-dontwarn android.media.ApplicationMediaCapabilities$Builder

# When built for Android API level < 31, Proguard warns that it can't find
# android.media.MediaFeature$HdrType (since it was added only in API level 31).
# But, all its usages are guarded by runtime checks of the API level.
# Hence, it is safe to suppress Proguard's warnings.
-dontwarn android.media.MediaFeature$HdrType

# When built for Android API level < 32, Proguard warns that it can't find
# android.media.AudioAttributes$Builder (since it was added only in API level
# 32). But, all its usages are guarded by runtime checks of the API level.
# Hence, it is safe to suppress Proguard's warnings.
-dontwarn android.media.AudioAttributes$Builder

# When built for Android API level < 33, Proguard warns that it can't find
# android.adservices.measurement.MeasurementManager (since it was added only
# in API level 33). But, all its usages are guarded by runtime checks of the
# API level. Hence, it is safe to suppress Proguard's warnings.
-dontwarn android.adservices.measurement.MeasurementManager

# When built for Android API level < 33, Proguard warns that it can't find
# javax.lang.model.element.Modifier (since it was added only in API level 33).
# But, all its usages are guarded by runtime checks of the API level. Hence, it
# is safe to suppress Proguard's warnings.
-dontwarn javax.lang.model.element.Modifier

# These are checked at runtime for whether they exist, so it is fine if the API level doesn't include these.
-dontwarn android.content.pm.ApkChecksum
-dontwarn android.content.pm.PackageManager$OnChecksumsReadyListener
# Only for the requestChecksums method, but sadly -dontwarn can't take just a single method.
-dontwarn android.content.pm.PackageManager

# We keep all fields for every generated proto file as the runtime uses
# reflection over them that ProGuard cannot detect. Without this keep
# rule, fields may be removed that would cause runtime failures.
-keepclassmembers class * extends com.google.android.gms.internal.ads.zzgwm {
  <fields>;
}

# Auto-generated proguard rule(s) with obfuscated symbol
-dontwarn com.google.android.gms.ads.internal.util.zzy


# End of content from transformed/play-services-ads-22.6.0/proguard.txt
# The proguard configuration file for the following section is transformed/play-services-ads-lite-22.6.0/proguard.txt
# Keep implementations of the AdMob mediation adapter interfaces. Adapters for
# third party ad networks implement these interfaces and are invoked by the
# AdMob SDK via reflection.

-keep class * implements com.google.android.gms.ads.mediation.MediationAdapter {
  public *;
}
-keep class * implements com.google.ads.mediation.MediationAdapter {
  public *;
}
-keep class * implements com.google.android.gms.ads.mediation.customevent.CustomEvent {
  public *;
}
-keep class * implements com.google.ads.mediation.customevent.CustomEvent {
  public *;
}
-keep class * extends com.google.android.gms.ads.mediation.MediationAdNetworkAdapter {
  public *;
}
-keep class * extends com.google.android.gms.ads.mediation.Adapter {
  public *;
}

# Keep classes used for offline ads created by reflection. WorkManagerUtil is
# created reflectively by callers within GMSCore and OfflineNotificationPoster
# is created reflectively by WorkManager.
-keep class com.google.android.gms.ads.internal.util.WorkManagerUtil {
  public *;
}
-keep class com.google.android.gms.ads.internal.offline.buffering.OfflineNotificationPoster {
  public *;
}
-keep class com.google.android.gms.ads.internal.offline.buffering.OfflinePingSender {
  public *;
}

# Keeps the entry for full SDK to access via reflection.
-keep class com.google.android.gms.ads.internal.client.LiteSdkInfo {
  public *;
}

# Keeps the entry for first party plugins to access via reflection.
-keep class com.google.android.gms.ads.MobileAds {
  private void setPlugin(java.lang.String);
}

# We keep all fields for every generated proto file as the runtime uses
# reflection over them that ProGuard cannot detect. Without this keep
# rule, fields may be removed that would cause runtime failures.
-keepclassmembers class * extends com.google.android.gms.internal.ads.zzgwm {
  <fields>;
}

# End of content from transformed/play-services-ads-lite-22.6.0/proguard.txt
# The proguard configuration file for the following section is transformed/play-services-auth-base-18.0.10/proguard.txt
# We keep all fields for every generated proto file as the runtime uses
# reflection over them that ProGuard cannot detect. Without this keep
# rule, fields may be removed that would cause runtime failures.
-keepclassmembers class * extends com.google.android.gms.internal.auth.zzev {
  <fields>;
}

# End of content from transformed/play-services-auth-base-18.0.10/proguard.txt
# The proguard configuration file for the following section is transformed/play-services-fido-20.0.1/proguard.txt
# Methods enable and disable in this class are complained as unresolved
# references, but they are system APIs and are not used by Fido client apps.
-dontwarn android.nfc.NfcAdapter

# End of content from transformed/play-services-fido-20.0.1/proguard.txt
# The proguard configuration file for the following section is transformed/play-services-base-18.5.0/proguard.txt
# b/35135904 Ensure that proguard will not strip the mResultGuardian.
-keepclassmembers class com.google.android.gms.common.api.internal.BasePendingResult {
  com.google.android.gms.common.api.internal.BasePendingResult$ReleasableResultGuardian mResultGuardian;
}



# End of content from transformed/play-services-base-18.5.0/proguard.txt