app/build/outputs/mapping/release/seeds.txt
com.expensetracker.app.data.PendingSmsExpense
com.expensetracker.app.data.DebtPaymentEntity
com.expensetracker.app.data.DebtEntity
com.expensetracker.app.data.AppDatabase_Impl
com.expensetracker.app.ExpenseApp
com.expensetracker.app.data.CategoryEntity
com.expensetracker.app.data.AppDatabase
com.expensetracker.app.data.ExpenseEntity
com.expensetracker.app.data.BudgetEntity
com.expensetracker.app.MainActivity
com.expensetracker.app.ui.components.ExpenseViewMode: com.expensetracker.app.ui.components.ExpenseViewMode valueOf(java.lang.String)
com.expensetracker.app.data.AppDatabase: AppDatabase()
com.expensetracker.app.util.FinancialInsights$InsightTemplate: com.expensetracker.app.util.FinancialInsights$InsightTemplate valueOf(java.lang.String)
com.expensetracker.app.ui.components.ExpenseViewMode: com.expensetracker.app.ui.components.ExpenseViewMode[] values()
com.expensetracker.app.data.AppDatabase_Impl: AppDatabase_Impl()
com.expensetracker.app.util.FinancialInsights$InsightTemplate: com.expensetracker.app.util.FinancialInsights$InsightTemplate[] values()
com.expensetracker.app.MainActivity: MainActivity()
com.expensetracker.app.viewmodel.ExpenseViewModel: ExpenseViewModel(android.app.Application)
com.expensetracker.app.ExpenseApp: ExpenseApp()
com.expensetracker.app.util.FinancialInsights$InsightKind: com.expensetracker.app.util.FinancialInsights$InsightKind[] values()
com.expensetracker.app.util.FinancialInsights$InsightKind: com.expensetracker.app.util.FinancialInsights$InsightKind valueOf(java.lang.String)
...
com.google.android.gms.signin.internal.zag: android.os.Parcelable$Creator CREATOR
com.google.ads.mediation.AbstractAdViewAdapter: com.google.android.gms.ads.AdView mAdView
com.google.android.gms.internal.ads.zzbbd: int zzf
com.google.android.gms.internal.ads.zzbci: com.google.android.gms.internal.ads.zzbbw zzf
com.google.android.gms.internal.ads.zzbcc: com.google.android.gms.internal.ads.zzbbw zzf
com.google.android.gms.internal.ads.zzbcc: int zze
com.google.android.gms.internal.ads.zzhcg: int zzh
androidx.fragment.app.FragmentManagerState: android.os.Parcelable$Creator CREATOR
com.google.android.gms.internal.ads.zzgpy: int zze
com.google.android.gms.internal.ads.zzhcl: com.google.android.gms.internal.ads.zzhck zzz
com.google.android.gms.internal.ads.zzhbk: com.google.android.gms.internal.ads.zzhbk zzb
kotlinx.coroutines.internal.AtomicOp: java.lang.Object _consensus
com.google.android.gms.ads.internal.client.zze: android.os.Parcelable$Creator CREATOR
com.google.android.gms.internal.ads.zzbaa: java.lang.String zzh
com.google.android.gms.internal.ads.zzazx: int zzj
com.google.android.gms.internal.ads.zzgc: android.os.Parcelable$Creator CREATOR
com.google.android.gms.internal.ads.zzazv: int zzj
com.google.android.gms.ads.internal.client.zzq: android.os.Parcelable$Creator CREATOR
com.google.android.gms.internal.ads.zzhcl: java.lang.String zzi
com.google.android.gms.internal.ads.zzhaw: long zzg
com.google.android.gms.common.internal.ConnectionTelemetryConfiguration: android.os.Parcelable$Creator CREATOR
com.google.android.gms.internal.ads.zzgsd: int zze
com.google.android.gms.internal.ads.zzaoz: com.google.android.gms.internal.ads.zzape zzf
com.google.android.gms.internal.ads.zzhao: java.lang.String zzh
kotlinx.coroutines.DefaultExecutor: java.lang.Thread _thread
com.google.android.gms.internal.ads.zzazb: int zzd
com.google.android.gms.internal.ads.zzazv: int zze
com.google.android.gms.internal.ads.zzaqc: long zze
com.google.android.gms.internal.ads.zzfpm: android.os.Parcelable$Creator CREATOR
com.google.android.gms.internal.ads.zzgsq: java.lang.String zze
kotlinx.coroutines.sync.SemaphoreImpl: long enqIdx
com.google.android.gms.internal.ads.zzfkn: int zzA
com.google.android.gms.internal.ads.zzavf: long zzh
com.google.android.gms.internal.ads.zzbbf: int zzl
androidx.concurrent.futures.AbstractResolvableFuture$Waiter: androidx.concurrent.futures.AbstractResolvableFuture$Waiter next
com.google.android.gms.internal.ads.zzaqm: com.google.android.gms.internal.ads.zzaqm zzb
com.google.android.gms.internal.ads.zzfkn: com.google.android.gms.internal.ads.zzgws zzb
com.google.android.gms.internal.ads.zzgqt: int zzd
kotlinx.coroutines.scheduling.CoroutineScheduler$Worker: int workerCtl
com.google.android.gms.internal.ads.zzazb: int zzf
com.google.android.gms.internal.ads.zzaow: com.google.android.gms.internal.ads.zzaow zzb
com.google.android.gms.internal.ads.zzaqd: long zzaJ
com.google.android.gms.internal.ads.zzhcv: boolean zzk
com.google.android.gms.internal.ads.zzaqd: long zzak
com.google.android.gms.internal.ads.zzfkn: long zzh
com.google.android.gms.internal.ads.zzgps: com.google.android.gms.internal.ads.zzgpv zze
com.google.android.gms.internal.ads.zzhao: com.google.android.gms.internal.ads.zzgwv zzi
com.google.android.gms.internal.ads.zzagt: android.os.Parcelable$Creator CREATOR
com.google.android.gms.internal.ads.zzhcl: int zzd
com.google.android.gms.internal.ads.zzaqd: int zzaP
com.google.android.gms.internal.ads.zzafs: android.os.Parcelable$Creator CREATOR
com.google.android.gms.internal.ads.zzhby: com.google.android.gms.internal.ads.zzgve zzg
com.google.android.gms.internal.ads.zzbay: int zzm
com.google.android.gms.internal.ads.zzaqd: int zzaA
com.google.android.gms.internal.ads.zzbay: com.google.android.gms.internal.ads.zzbat zzk
com.google.android.gms.ads.formats.AdManagerAdViewOptions: android.os.Parcelable$Creator CREATOR
kotlinx.coroutines.CancelledContinuation: int _resumed