app/build/outputs/mapping/release/usage.txt
com.expensetracker.app.R$color
com.expensetracker.app.R$drawable:
    public static int ic_launcher_background
    public static int ic_launcher_foreground
    public static int ic_launcher_monochrome
    private void <init>()
com.expensetracker.app.R$mipmap
com.expensetracker.app.R$string:
    public static int bento_budget_remaining
    public static int bento_budget_remaining_subtitle
    public static int bento_monthly_spending
    public static int bento_savings_goal
    public static int bento_savings_goal_no_data
    public static int bento_savings_goal_subtitle
    public static int breakdown_title
    public static int budget_left
    public static int budget_over_by
    public static int budget_pacing_hint
    public static int budget_set_cta
    public static int budget_set_prompt
    public static int budget_spent_of
    public static int budget_title
    public static int currency_custom_hint
    public static int dashboard_subtitle
    public static int error_select_date
    public static int health_band_excellent
    public static int health_band_fair
    public static int health_band_good
    public static int health_band_needs_attention
    public static int health_sub_budget
    public static int health_sub_consistency
    public static int health_sub_subscriptions
    public static int health_sub_trend
    public static int manage_budget
    public static int nav_categories
    public static int nav_dashboard
    public static int reset_data
    public static int stat_daily_average
    public static int stat_no_prior_data
    public static int stat_per_day
    public static int stat_same_as_last_month
    public static int stat_this_month
    public static int stat_top_category
com.expensetracker.app.R$style
com.expensetracker.app.R$xml
com.expensetracker.app.R
com.expensetracker.app.data.AppDatabase$Companion$MIGRATION_4_5$1$migrate$OwePayment:
    public final long component1()
    public final double component2()
    public final java.lang.String component3()
    public final java.lang.String component4()
    public final com.expensetracker.app.data.AppDatabase$Companion$MIGRATION_4_5$1$migrate$OwePayment copy(long,double,java.lang.String,java.lang.String)
    public static synthetic com.expensetracker.app.data.AppDatabase$Companion$MIGRATION_4_5$1$migrate$OwePayment copy$default(com.expensetracker.app.data.AppDatabase$Companion$MIGRATION_4_5$1$migrate$OwePayment,long,double,java.lang.String,java.lang.String,int,java.lang.Object)
com.expensetracker.app.data.AppDatabase:
    public static final int $stable
com.expensetracker.app.data.AppDatabase_Impl:
    public void clearAllTables()
com.expensetracker.app.data.BudgetEntity:
    public static final int $stable
    public final long component1()
    public final java.lang.Long component2()
    public final double component3()
com.expensetracker.app.data.CategoryEntity:
    public static final int $stable
    public final long component1()
    public final java.lang.String component2()
    public final java.lang.String component3()
    public final java.lang.String component4()
    public final int component5()
com.expensetracker.app.data.CurrencyLocaleMapper:
    public static final java.lang.String SAUDI_RIYAL_SYMBOL
    public final boolean isArabicSpeakingCountry(java.lang.String)
com.expensetracker.app.data.DebtEntity:
    public static final int $stable
    public static final java.lang.String DIRECTION_OWE
    public static final java.lang.String DIRECTION_OWED
    public final long component1()
    public final java.lang.String component2()
    public final java.lang.String component3()
    public final double component4()
    public final double component5()
    public final double component6()
    public final java.lang.String component7()
    public final java.lang.String component8()
    public final boolean component9()
...
kotlin.reflect.KClasses
kotlin.reflect.KClassesImplKt
kotlin.reflect.KClassifier
kotlin.reflect.KDeclarationContainer:
    public abstract java.util.Collection getMembers()
kotlin.reflect.KFunction$DefaultImpls
kotlin.reflect.KFunction:
    public abstract boolean isExternal()
    public abstract boolean isInfix()
    public abstract boolean isInline()
    public abstract boolean isOperator()
    public abstract boolean isSuspend()
kotlin.reflect.KMutableProperty$DefaultImpls
kotlin.reflect.KMutableProperty$Setter
kotlin.reflect.KMutableProperty0$DefaultImpls
kotlin.reflect.KMutableProperty0$Setter
kotlin.reflect.KMutableProperty0
kotlin.reflect.KMutableProperty1$DefaultImpls
kotlin.reflect.KMutableProperty1$Setter
kotlin.reflect.KMutableProperty1:
    public abstract kotlin.reflect.KMutableProperty1$Setter getSetter()
    public abstract void set(java.lang.Object,java.lang.Object)
kotlin.reflect.KMutableProperty2$DefaultImpls
kotlin.reflect.KMutableProperty2$Setter
kotlin.reflect.KMutableProperty2
kotlin.reflect.KMutableProperty
kotlin.reflect.KParameter$DefaultImpls
kotlin.reflect.KParameter$Kind
kotlin.reflect.KParameter
kotlin.reflect.KProperty$Accessor
kotlin.reflect.KProperty$DefaultImpls
kotlin.reflect.KProperty$Getter
kotlin.reflect.KProperty0$DefaultImpls
kotlin.reflect.KProperty0$Getter
kotlin.reflect.KProperty0:
    public abstract java.lang.Object getDelegate()
    public abstract kotlin.reflect.KProperty0$Getter getGetter()
kotlin.reflect.KProperty1$DefaultImpls
kotlin.reflect.KProperty1:
    public abstract java.lang.Object getDelegate(java.lang.Object)
kotlin.reflect.KProperty2$DefaultImpls
kotlin.reflect.KProperty2$Getter
kotlin.reflect.KProperty2
kotlin.reflect.KProperty:
    public abstract kotlin.reflect.KProperty$Getter getGetter()
    public abstract boolean isConst()
    public abstract boolean isLateinit()
kotlin.reflect.KType$DefaultImpls
kotlin.reflect.KType
kotlin.reflect.KTypeParameter
kotlin.reflect.KTypeProjection$Companion
kotlin.reflect.KTypeProjection$WhenMappings
kotlin.reflect.KTypeProjection
kotlin.reflect.KVariance
kotlin.reflect.KVisibility
kotlin.reflect.ParameterizedTypeImpl$getTypeName$1$1
kotlin.reflect.ParameterizedTypeImpl
kotlin.reflect.TypeImpl
kotlin.reflect.TypeOfKt
kotlin.reflect.TypeVariableImpl
kotlin.reflect.TypesJVMKt$WhenMappings
kotlin.reflect.TypesJVMKt$typeToString$unwrap$1
kotlin.reflect.TypesJVMKt
kotlin.reflect.WildcardTypeImpl$Companion
kotlin.reflect.WildcardTypeImpl
kotlin.sequences.DistinctIterator
kotlin.sequences.DistinctSequence
kotlin.sequences.DropSequence$iterator$1
kotlin.sequences.DropSequence
kotlin.sequences.DropTakeSequence
kotlin.sequences.DropWhileSequence$iterator$1
kotlin.sequences.DropWhileSequence
kotlin.sequences.EmptySequence:
    public kotlin.sequences.EmptySequence drop(int)
    public synthetic bridge kotlin.sequences.Sequence drop(int)
    public kotlin.sequences.EmptySequence take(int)
    public synthetic bridge kotlin.sequences.Sequence take(int)
kotlin.sequences.FilteringSequence$iterator$1:
    public final java.util.Iterator getIterator()
    public final java.lang.Object getNextItem()
    public final int getNextState()
    public final void setNextItem(java.lang.Object)
    public final void setNextState(int)
kotlin.sequences.FilteringSequence:
    public synthetic void <init>(kotlin.sequences.Sequence,boolean,kotlin.jvm.functions.Function1,int,kotlin.jvm.internal.DefaultConstructorMarker)
kotlin.sequences.FlatteningSequence$iterator$1
kotlin.sequences.FlatteningSequence
kotlin.sequences.GeneratorSequence$iterator$1:
    public final java.lang.Object getNextItem()
    public final int getNextState()
    public final void setNextItem(java.lang.Object)
    public final void setNextState(int)
kotlin.sequences.IndexingSequence$iterator$1
kotlin.sequences.IndexingSequence
kotlin.sequences.MergingSequence$iterator$1
kotlin.sequences.MergingSequence